2023-07-27T02:58:43+00:00 CRITICAL Uncaught TypeError: call_user_func_array(): Argument #1 ($callback) must be a valid callback, function "techup_footer_site_info" not found or invalid function name in /var/www/html/wp-includes/class-wp-hook.php:308
Stack trace:
#0 /var/www/html/wp-includes/class-wp-hook.php(332): WP_Hook->apply_filters(NULL, Array)
#1 /var/www/html/wp-includes/plugin.php(517): WP_Hook->do_action(Array)
#2 /var/www/html/wp-content/themes/techup/footer.php(32): do_action('techup_footer')
#3 /var/www/html/wp-includes/template.php(783): require_once('/var/www/html/w...')
#4 /var/www/html/wp-includes/template.php(718): load_template('/var/www/html/w...', true, Array)
#5 /var/www/html/wp-includes/general-template.php(92): locate_template(Array, true, true, Array)
#6 /var/www/html/wp-content/themes/techup/full-width.php(42): get_footer()
#7 /var/www/html/wp-includes/template-loader.php(106): include('/var/www/html/w...')
#8 /var/www/html/wp-blog-header.php(19): require_once('/var/www/html/w...')
#9 /var/www/html/index.php(17): require('/var/www/html/w...')
#10 {main}
  thrown in /var/www/html/wp-includes/class-wp-hook.php on line 308

2023-07-27T02:59:12+00:00 CRITICAL Uncaught TypeError: call_user_func_array(): Argument #1 ($callback) must be a valid callback, function "techup_footer_site_info" not found or invalid function name in /var/www/html/wp-includes/class-wp-hook.php:308
Stack trace:
#0 /var/www/html/wp-includes/class-wp-hook.php(332): WP_Hook->apply_filters(NULL, Array)
#1 /var/www/html/wp-includes/plugin.php(517): WP_Hook->do_action(Array)
#2 /var/www/html/wp-content/themes/techup/footer.php(32): do_action('techup_footer')
#3 /var/www/html/wp-includes/template.php(783): require_once('/var/www/html/w...')
#4 /var/www/html/wp-includes/template.php(718): load_template('/var/www/html/w...', true, Array)
#5 /var/www/html/wp-includes/general-template.php(92): locate_template(Array, true, true, Array)
#6 /var/www/html/wp-content/themes/techup/full-width.php(42): get_footer()
#7 /var/www/html/wp-includes/template-loader.php(106): include('/var/www/html/w...')
#8 /var/www/html/wp-blog-header.php(19): require_once('/var/www/html/w...')
#9 /var/www/html/index.php(17): require('/var/www/html/w...')
#10 {main}
  thrown in /var/www/html/wp-includes/class-wp-hook.php on line 308

2023-07-27T03:00:21+00:00 CRITICAL Uncaught TypeError: call_user_func_array(): Argument #1 ($callback) must be a valid callback, function "techup_footer_site_info" not found or invalid function name in /var/www/html/wp-includes/class-wp-hook.php:308
Stack trace:
#0 /var/www/html/wp-includes/class-wp-hook.php(332): WP_Hook->apply_filters(NULL, Array)
#1 /var/www/html/wp-includes/plugin.php(517): WP_Hook->do_action(Array)
#2 /var/www/html/wp-content/themes/techup/footer.php(32): do_action('techup_footer')
#3 /var/www/html/wp-includes/template.php(783): require_once('/var/www/html/w...')
#4 /var/www/html/wp-includes/template.php(718): load_template('/var/www/html/w...', true, Array)
#5 /var/www/html/wp-includes/general-template.php(92): locate_template(Array, true, true, Array)
#6 /var/www/html/wp-content/themes/techup/full-width.php(42): get_footer()
#7 /var/www/html/wp-includes/template-loader.php(106): include('/var/www/html/w...')
#8 /var/www/html/wp-blog-header.php(19): require_once('/var/www/html/w...')
#9 /var/www/html/index.php(17): require('/var/www/html/w...')
#10 {main}
  thrown in /var/www/html/wp-includes/class-wp-hook.php on line 308

2023-07-27T03:02:28+00:00 CRITICAL Uncaught TypeError: call_user_func_array(): Argument #1 ($callback) must be a valid callback, function "techup_footer_site_info" not found or invalid function name in /var/www/html/wp-includes/class-wp-hook.php:308
Stack trace:
#0 /var/www/html/wp-includes/class-wp-hook.php(332): WP_Hook->apply_filters(NULL, Array)
#1 /var/www/html/wp-includes/plugin.php(517): WP_Hook->do_action(Array)
#2 /var/www/html/wp-content/themes/techup/footer.php(32): do_action('techup_footer')
#3 /var/www/html/wp-includes/template.php(783): require_once('/var/www/html/w...')
#4 /var/www/html/wp-includes/template.php(718): load_template('/var/www/html/w...', true, Array)
#5 /var/www/html/wp-includes/general-template.php(92): locate_template(Array, true, true, Array)
#6 /var/www/html/wp-content/themes/techup/full-width.php(42): get_footer()
#7 /var/www/html/wp-includes/template-loader.php(106): include('/var/www/html/w...')
#8 /var/www/html/wp-blog-header.php(19): require_once('/var/www/html/w...')
#9 /var/www/html/index.php(17): require('/var/www/html/w...')
#10 {main}
  thrown in /var/www/html/wp-includes/class-wp-hook.php on line 308

2023-07-27T03:04:22+00:00 CRITICAL Uncaught TypeError: call_user_func_array(): Argument #1 ($callback) must be a valid callback, function "techup_footer_site_info" not found or invalid function name in /var/www/html/wp-includes/class-wp-hook.php:308
Stack trace:
#0 /var/www/html/wp-includes/class-wp-hook.php(332): WP_Hook->apply_filters(NULL, Array)
#1 /var/www/html/wp-includes/plugin.php(517): WP_Hook->do_action(Array)
#2 /var/www/html/wp-content/themes/techup/footer.php(32): do_action('techup_footer')
#3 /var/www/html/wp-includes/template.php(783): require_once('/var/www/html/w...')
#4 /var/www/html/wp-includes/template.php(718): load_template('/var/www/html/w...', true, Array)
#5 /var/www/html/wp-includes/general-template.php(92): locate_template(Array, true, true, Array)
#6 /var/www/html/wp-content/themes/techup/full-width.php(42): get_footer()
#7 /var/www/html/wp-includes/template-loader.php(106): include('/var/www/html/w...')
#8 /var/www/html/wp-blog-header.php(19): require_once('/var/www/html/w...')
#9 /var/www/html/index.php(17): require('/var/www/html/w...')
#10 {main}
  thrown in /var/www/html/wp-includes/class-wp-hook.php on line 308

2023-07-27T03:06:01+00:00 CRITICAL Uncaught TypeError: call_user_func_array(): Argument #1 ($callback) must be a valid callback, function "techup_footer_site_info" not found or invalid function name in /var/www/html/wp-includes/class-wp-hook.php:308
Stack trace:
#0 /var/www/html/wp-includes/class-wp-hook.php(332): WP_Hook->apply_filters(NULL, Array)
#1 /var/www/html/wp-includes/plugin.php(517): WP_Hook->do_action(Array)
#2 /var/www/html/wp-content/themes/techup/footer.php(32): do_action('techup_footer')
#3 /var/www/html/wp-includes/template.php(783): require_once('/var/www/html/w...')
#4 /var/www/html/wp-includes/template.php(718): load_template('/var/www/html/w...', true, Array)
#5 /var/www/html/wp-includes/general-template.php(92): locate_template(Array, true, true, Array)
#6 /var/www/html/wp-content/themes/techup/full-width.php(42): get_footer()
#7 /var/www/html/wp-includes/template-loader.php(106): include('/var/www/html/w...')
#8 /var/www/html/wp-blog-header.php(19): require_once('/var/www/html/w...')
#9 /var/www/html/index.php(17): require('/var/www/html/w...')
#10 {main}
  thrown in /var/www/html/wp-includes/class-wp-hook.php on line 308

2023-07-27T03:07:03+00:00 CRITICAL Uncaught TypeError: call_user_func_array(): Argument #1 ($callback) must be a valid callback, function "techup_footer_site_info" not found or invalid function name in /var/www/html/wp-includes/class-wp-hook.php:308
Stack trace:
#0 /var/www/html/wp-includes/class-wp-hook.php(332): WP_Hook->apply_filters(NULL, Array)
#1 /var/www/html/wp-includes/plugin.php(517): WP_Hook->do_action(Array)
#2 /var/www/html/wp-content/themes/techup/footer.php(32): do_action('techup_footer')
#3 /var/www/html/wp-includes/template.php(783): require_once('/var/www/html/w...')
#4 /var/www/html/wp-includes/template.php(718): load_template('/var/www/html/w...', true, Array)
#5 /var/www/html/wp-includes/general-template.php(92): locate_template(Array, true, true, Array)
#6 /var/www/html/wp-content/themes/techup/full-width.php(42): get_footer()
#7 /var/www/html/wp-includes/template-loader.php(106): include('/var/www/html/w...')
#8 /var/www/html/wp-blog-header.php(19): require_once('/var/www/html/w...')
#9 /var/www/html/index.php(17): require('/var/www/html/w...')
#10 {main}
  thrown in /var/www/html/wp-includes/class-wp-hook.php on line 308

2023-07-27T03:08:10+00:00 CRITICAL Uncaught TypeError: call_user_func_array(): Argument #1 ($callback) must be a valid callback, function "techup_footer_site_info" not found or invalid function name in /var/www/html/wp-includes/class-wp-hook.php:308
Stack trace:
#0 /var/www/html/wp-includes/class-wp-hook.php(332): WP_Hook->apply_filters(NULL, Array)
#1 /var/www/html/wp-includes/plugin.php(517): WP_Hook->do_action(Array)
#2 /var/www/html/wp-content/themes/techup/footer.php(32): do_action('techup_footer')
#3 /var/www/html/wp-includes/template.php(783): require_once('/var/www/html/w...')
#4 /var/www/html/wp-includes/template.php(718): load_template('/var/www/html/w...', true, Array)
#5 /var/www/html/wp-includes/general-template.php(92): locate_template(Array, true, true, Array)
#6 /var/www/html/wp-content/themes/techup/full-width.php(42): get_footer()
#7 /var/www/html/wp-includes/template-loader.php(106): include('/var/www/html/w...')
#8 /var/www/html/wp-blog-header.php(19): require_once('/var/www/html/w...')
#9 /var/www/html/index.php(17): require('/var/www/html/w...')
#10 {main}
  thrown in /var/www/html/wp-includes/class-wp-hook.php on line 308

2023-07-27T03:11:23+00:00 CRITICAL Uncaught TypeError: call_user_func_array(): Argument #1 ($callback) must be a valid callback, function "techup_footer_site_info" not found or invalid function name in /var/www/html/wp-includes/class-wp-hook.php:308
Stack trace:
#0 /var/www/html/wp-includes/class-wp-hook.php(332): WP_Hook->apply_filters(NULL, Array)
#1 /var/www/html/wp-includes/plugin.php(517): WP_Hook->do_action(Array)
#2 /var/www/html/wp-content/themes/techup/footer.php(32): do_action('techup_footer')
#3 /var/www/html/wp-includes/template.php(783): require_once('/var/www/html/w...')
#4 /var/www/html/wp-includes/template.php(718): load_template('/var/www/html/w...', true, Array)
#5 /var/www/html/wp-includes/general-template.php(92): locate_template(Array, true, true, Array)
#6 /var/www/html/wp-content/themes/techup/full-width.php(42): get_footer()
#7 /var/www/html/wp-includes/template-loader.php(106): include('/var/www/html/w...')
#8 /var/www/html/wp-blog-header.php(19): require_once('/var/www/html/w...')
#9 /var/www/html/index.php(17): require('/var/www/html/w...')
#10 {main}
  thrown in /var/www/html/wp-includes/class-wp-hook.php on line 308

2023-07-27T03:13:38+00:00 CRITICAL Uncaught TypeError: call_user_func_array(): Argument #1 ($callback) must be a valid callback, function "techup_footer_site_info" not found or invalid function name in /var/www/html/wp-includes/class-wp-hook.php:308
Stack trace:
#0 /var/www/html/wp-includes/class-wp-hook.php(332): WP_Hook->apply_filters(NULL, Array)
#1 /var/www/html/wp-includes/plugin.php(517): WP_Hook->do_action(Array)
#2 /var/www/html/wp-content/themes/techup/footer.php(32): do_action('techup_footer')
#3 /var/www/html/wp-includes/template.php(783): require_once('/var/www/html/w...')
#4 /var/www/html/wp-includes/template.php(718): load_template('/var/www/html/w...', true, Array)
#5 /var/www/html/wp-includes/general-template.php(92): locate_template(Array, true, true, Array)
#6 /var/www/html/wp-content/themes/techup/full-width.php(42): get_footer()
#7 /var/www/html/wp-includes/template-loader.php(106): include('/var/www/html/w...')
#8 /var/www/html/wp-blog-header.php(19): require_once('/var/www/html/w...')
#9 /var/www/html/index.php(17): require('/var/www/html/w...')
#10 {main}
  thrown in /var/www/html/wp-includes/class-wp-hook.php on line 308

2023-07-27T03:14:30+00:00 CRITICAL Uncaught TypeError: call_user_func_array(): Argument #1 ($callback) must be a valid callback, function "techup_footer_site_info" not found or invalid function name in /var/www/html/wp-includes/class-wp-hook.php:308
Stack trace:
#0 /var/www/html/wp-includes/class-wp-hook.php(332): WP_Hook->apply_filters(NULL, Array)
#1 /var/www/html/wp-includes/plugin.php(517): WP_Hook->do_action(Array)
#2 /var/www/html/wp-content/themes/techup/footer.php(32): do_action('techup_footer')
#3 /var/www/html/wp-includes/template.php(783): require_once('/var/www/html/w...')
#4 /var/www/html/wp-includes/template.php(718): load_template('/var/www/html/w...', true, Array)
#5 /var/www/html/wp-includes/general-template.php(92): locate_template(Array, true, true, Array)
#6 /var/www/html/wp-content/themes/techup/full-width.php(42): get_footer()
#7 /var/www/html/wp-includes/template-loader.php(106): include('/var/www/html/w...')
#8 /var/www/html/wp-blog-header.php(19): require_once('/var/www/html/w...')
#9 /var/www/html/index.php(17): require('/var/www/html/w...')
#10 {main}
  thrown in /var/www/html/wp-includes/class-wp-hook.php on line 308

2023-07-27T03:15:41+00:00 CRITICAL Uncaught TypeError: call_user_func_array(): Argument #1 ($callback) must be a valid callback, function "techup_footer_site_info" not found or invalid function name in /var/www/html/wp-includes/class-wp-hook.php:308
Stack trace:
#0 /var/www/html/wp-includes/class-wp-hook.php(332): WP_Hook->apply_filters(NULL, Array)
#1 /var/www/html/wp-includes/plugin.php(517): WP_Hook->do_action(Array)
#2 /var/www/html/wp-content/themes/techup/footer.php(32): do_action('techup_footer')
#3 /var/www/html/wp-includes/template.php(783): require_once('/var/www/html/w...')
#4 /var/www/html/wp-includes/template.php(718): load_template('/var/www/html/w...', true, Array)
#5 /var/www/html/wp-includes/general-template.php(92): locate_template(Array, true, true, Array)
#6 /var/www/html/wp-content/themes/techup/full-width.php(42): get_footer()
#7 /var/www/html/wp-includes/template-loader.php(106): include('/var/www/html/w...')
#8 /var/www/html/wp-blog-header.php(19): require_once('/var/www/html/w...')
#9 /var/www/html/index.php(17): require('/var/www/html/w...')
#10 {main}
  thrown in /var/www/html/wp-includes/class-wp-hook.php on line 308

2023-07-27T03:19:17+00:00 CRITICAL Uncaught TypeError: call_user_func_array(): Argument #1 ($callback) must be a valid callback, function "techup_footer_site_info" not found or invalid function name in /var/www/html/wp-includes/class-wp-hook.php:308
Stack trace:
#0 /var/www/html/wp-includes/class-wp-hook.php(332): WP_Hook->apply_filters(NULL, Array)
#1 /var/www/html/wp-includes/plugin.php(517): WP_Hook->do_action(Array)
#2 /var/www/html/wp-content/themes/techup/footer.php(32): do_action('techup_footer')
#3 /var/www/html/wp-includes/template.php(783): require_once('/var/www/html/w...')
#4 /var/www/html/wp-includes/template.php(718): load_template('/var/www/html/w...', true, Array)
#5 /var/www/html/wp-includes/general-template.php(92): locate_template(Array, true, true, Array)
#6 /var/www/html/wp-content/themes/techup/full-width.php(42): get_footer()
#7 /var/www/html/wp-includes/template-loader.php(106): include('/var/www/html/w...')
#8 /var/www/html/wp-blog-header.php(19): require_once('/var/www/html/w...')
#9 /var/www/html/index.php(17): require('/var/www/html/w...')
#10 {main}
  thrown in /var/www/html/wp-includes/class-wp-hook.php on line 308

2023-07-27T03:19:39+00:00 CRITICAL Uncaught TypeError: call_user_func_array(): Argument #1 ($callback) must be a valid callback, function "techup_footer_site_info" not found or invalid function name in /var/www/html/wp-includes/class-wp-hook.php:308
Stack trace:
#0 /var/www/html/wp-includes/class-wp-hook.php(332): WP_Hook->apply_filters(NULL, Array)
#1 /var/www/html/wp-includes/plugin.php(517): WP_Hook->do_action(Array)
#2 /var/www/html/wp-content/themes/techup/footer.php(32): do_action('techup_footer')
#3 /var/www/html/wp-includes/template.php(783): require_once('/var/www/html/w...')
#4 /var/www/html/wp-includes/template.php(718): load_template('/var/www/html/w...', true, Array)
#5 /var/www/html/wp-includes/general-template.php(92): locate_template(Array, true, true, Array)
#6 /var/www/html/wp-content/themes/techup/full-width.php(42): get_footer()
#7 /var/www/html/wp-includes/template-loader.php(106): include('/var/www/html/w...')
#8 /var/www/html/wp-blog-header.php(19): require_once('/var/www/html/w...')
#9 /var/www/html/index.php(17): require('/var/www/html/w...')
#10 {main}
  thrown in /var/www/html/wp-includes/class-wp-hook.php on line 308

2023-07-27T03:45:07+00:00 CRITICAL Uncaught TypeError: call_user_func_array(): Argument #1 ($callback) must be a valid callback, function "techup_footer_site_info" not found or invalid function name in /var/www/html/wp-includes/class-wp-hook.php:308
Stack trace:
#0 /var/www/html/wp-includes/class-wp-hook.php(332): WP_Hook->apply_filters(NULL, Array)
#1 /var/www/html/wp-includes/plugin.php(517): WP_Hook->do_action(Array)
#2 /var/www/html/wp-content/themes/techup/footer.php(32): do_action('techup_footer')
#3 /var/www/html/wp-includes/template.php(783): require_once('/var/www/html/w...')
#4 /var/www/html/wp-includes/template.php(718): load_template('/var/www/html/w...', true, Array)
#5 /var/www/html/wp-includes/general-template.php(92): locate_template(Array, true, true, Array)
#6 /var/www/html/wp-content/themes/techup/full-width.php(42): get_footer()
#7 /var/www/html/wp-includes/template-loader.php(106): include('/var/www/html/w...')
#8 /var/www/html/wp-blog-header.php(19): require_once('/var/www/html/w...')
#9 /var/www/html/index.php(17): require('/var/www/html/w...')
#10 {main}
  thrown in /var/www/html/wp-includes/class-wp-hook.php on line 308

2023-07-27T03:47:06+00:00 CRITICAL Uncaught TypeError: call_user_func_array(): Argument #1 ($callback) must be a valid callback, function "techup_footer_site_info" not found or invalid function name in /var/www/html/wp-includes/class-wp-hook.php:308
Stack trace:
#0 /var/www/html/wp-includes/class-wp-hook.php(332): WP_Hook->apply_filters(NULL, Array)
#1 /var/www/html/wp-includes/plugin.php(517): WP_Hook->do_action(Array)
#2 /var/www/html/wp-content/themes/techup/footer.php(32): do_action('techup_footer')
#3 /var/www/html/wp-includes/template.php(783): require_once('/var/www/html/w...')
#4 /var/www/html/wp-includes/template.php(718): load_template('/var/www/html/w...', true, Array)
#5 /var/www/html/wp-includes/general-template.php(92): locate_template(Array, true, true, Array)
#6 /var/www/html/wp-content/themes/techup/page.php(93): get_footer()
#7 /var/www/html/wp-includes/template-loader.php(106): include('/var/www/html/w...')
#8 /var/www/html/wp-blog-header.php(19): require_once('/var/www/html/w...')
#9 /var/www/html/index.php(17): require('/var/www/html/w...')
#10 {main}
  thrown in /var/www/html/wp-includes/class-wp-hook.php on line 308

2023-07-27T03:53:51+00:00 CRITICAL Uncaught TypeError: call_user_func_array(): Argument #1 ($callback) must be a valid callback, function "techup_footer_site_info" not found or invalid function name in /var/www/html/wp-includes/class-wp-hook.php:308
Stack trace:
#0 /var/www/html/wp-includes/class-wp-hook.php(332): WP_Hook->apply_filters(NULL, Array)
#1 /var/www/html/wp-includes/plugin.php(517): WP_Hook->do_action(Array)
#2 /var/www/html/wp-content/themes/techup/footer.php(32): do_action('techup_footer')
#3 /var/www/html/wp-includes/template.php(783): require_once('/var/www/html/w...')
#4 /var/www/html/wp-includes/template.php(718): load_template('/var/www/html/w...', true, Array)
#5 /var/www/html/wp-includes/general-template.php(92): locate_template(Array, true, true, Array)
#6 /var/www/html/wp-content/themes/techup/full-width.php(42): get_footer()
#7 /var/www/html/wp-includes/template-loader.php(106): include('/var/www/html/w...')
#8 /var/www/html/wp-blog-header.php(19): require_once('/var/www/html/w...')
#9 /var/www/html/index.php(17): require('/var/www/html/w...')
#10 {main}
  thrown in /var/www/html/wp-includes/class-wp-hook.php on line 308

2023-07-27T03:58:54+00:00 CRITICAL Uncaught TypeError: call_user_func_array(): Argument #1 ($callback) must be a valid callback, function "techup_footer_site_info" not found or invalid function name in /var/www/html/wp-includes/class-wp-hook.php:308
Stack trace:
#0 /var/www/html/wp-includes/class-wp-hook.php(332): WP_Hook->apply_filters(NULL, Array)
#1 /var/www/html/wp-includes/plugin.php(517): WP_Hook->do_action(Array)
#2 /var/www/html/wp-content/themes/techup/footer.php(32): do_action('techup_footer')
#3 /var/www/html/wp-includes/template.php(783): require_once('/var/www/html/w...')
#4 /var/www/html/wp-includes/template.php(718): load_template('/var/www/html/w...', true, Array)
#5 /var/www/html/wp-includes/general-template.php(92): locate_template(Array, true, true, Array)
#6 /var/www/html/wp-content/themes/techup/full-width.php(42): get_footer()
#7 /var/www/html/wp-includes/template-loader.php(106): include('/var/www/html/w...')
#8 /var/www/html/wp-blog-header.php(19): require_once('/var/www/html/w...')
#9 /var/www/html/index.php(17): require('/var/www/html/w...')
#10 {main}
  thrown in /var/www/html/wp-includes/class-wp-hook.php on line 308

2023-07-27T04:46:11+00:00 CRITICAL Uncaught TypeError: call_user_func_array(): Argument #1 ($callback) must be a valid callback, function "techup_footer_site_info" not found or invalid function name in /var/www/html/wp-includes/class-wp-hook.php:308
Stack trace:
#0 /var/www/html/wp-includes/class-wp-hook.php(332): WP_Hook->apply_filters(NULL, Array)
#1 /var/www/html/wp-includes/plugin.php(517): WP_Hook->do_action(Array)
#2 /var/www/html/wp-content/themes/techup/footer.php(32): do_action('techup_footer')
#3 /var/www/html/wp-includes/template.php(783): require_once('/var/www/html/w...')
#4 /var/www/html/wp-includes/template.php(718): load_template('/var/www/html/w...', true, Array)
#5 /var/www/html/wp-includes/general-template.php(92): locate_template(Array, true, true, Array)
#6 /var/www/html/wp-content/themes/techup/full-width.php(42): get_footer()
#7 /var/www/html/wp-includes/template-loader.php(106): include('/var/www/html/w...')
#8 /var/www/html/wp-blog-header.php(19): require_once('/var/www/html/w...')
#9 /var/www/html/index.php(17): require('/var/www/html/w...')
#10 {main}
  thrown in /var/www/html/wp-includes/class-wp-hook.php on line 308

2023-07-27T04:52:23+00:00 CRITICAL Uncaught TypeError: call_user_func_array(): Argument #1 ($callback) must be a valid callback, function "techup_footer_site_info" not found or invalid function name in /var/www/html/wp-includes/class-wp-hook.php:308
Stack trace:
#0 /var/www/html/wp-includes/class-wp-hook.php(332): WP_Hook->apply_filters(NULL, Array)
#1 /var/www/html/wp-includes/plugin.php(517): WP_Hook->do_action(Array)
#2 /var/www/html/wp-content/themes/techup/footer.php(32): do_action('techup_footer')
#3 /var/www/html/wp-includes/template.php(783): require_once('/var/www/html/w...')
#4 /var/www/html/wp-includes/template.php(718): load_template('/var/www/html/w...', true, Array)
#5 /var/www/html/wp-includes/general-template.php(92): locate_template(Array, true, true, Array)
#6 /var/www/html/wp-content/themes/techup/full-width.php(42): get_footer()
#7 /var/www/html/wp-includes/template-loader.php(106): include('/var/www/html/w...')
#8 /var/www/html/wp-blog-header.php(19): require_once('/var/www/html/w...')
#9 /var/www/html/index.php(17): require('/var/www/html/w...')
#10 {main}
  thrown in /var/www/html/wp-includes/class-wp-hook.php on line 308

2023-07-27T04:53:28+00:00 CRITICAL Uncaught TypeError: call_user_func_array(): Argument #1 ($callback) must be a valid callback, function "techup_footer_site_info" not found or invalid function name in /var/www/html/wp-includes/class-wp-hook.php:308
Stack trace:
#0 /var/www/html/wp-includes/class-wp-hook.php(332): WP_Hook->apply_filters(NULL, Array)
#1 /var/www/html/wp-includes/plugin.php(517): WP_Hook->do_action(Array)
#2 /var/www/html/wp-content/themes/techup/footer.php(32): do_action('techup_footer')
#3 /var/www/html/wp-includes/template.php(783): require_once('/var/www/html/w...')
#4 /var/www/html/wp-includes/template.php(718): load_template('/var/www/html/w...', true, Array)
#5 /var/www/html/wp-includes/general-template.php(92): locate_template(Array, true, true, Array)
#6 /var/www/html/wp-content/themes/techup/full-width.php(42): get_footer()
#7 /var/www/html/wp-includes/template-loader.php(106): include('/var/www/html/w...')
#8 /var/www/html/wp-blog-header.php(19): require_once('/var/www/html/w...')
#9 /var/www/html/index.php(17): require('/var/www/html/w...')
#10 {main}
  thrown in /var/www/html/wp-includes/class-wp-hook.php on line 308

2023-07-27T04:53:34+00:00 CRITICAL Uncaught TypeError: call_user_func_array(): Argument #1 ($callback) must be a valid callback, function "techup_footer_site_info" not found or invalid function name in /var/www/html/wp-includes/class-wp-hook.php:308
Stack trace:
#0 /var/www/html/wp-includes/class-wp-hook.php(332): WP_Hook->apply_filters(NULL, Array)
#1 /var/www/html/wp-includes/plugin.php(517): WP_Hook->do_action(Array)
#2 /var/www/html/wp-content/themes/techup/footer.php(32): do_action('techup_footer')
#3 /var/www/html/wp-includes/template.php(783): require_once('/var/www/html/w...')
#4 /var/www/html/wp-includes/template.php(718): load_template('/var/www/html/w...', true, Array)
#5 /var/www/html/wp-includes/general-template.php(92): locate_template(Array, true, true, Array)
#6 /var/www/html/wp-content/themes/techup/full-width.php(42): get_footer()
#7 /var/www/html/wp-includes/template-loader.php(106): include('/var/www/html/w...')
#8 /var/www/html/wp-blog-header.php(19): require_once('/var/www/html/w...')
#9 /var/www/html/index.php(17): require('/var/www/html/w...')
#10 {main}
  thrown in /var/www/html/wp-includes/class-wp-hook.php on line 308

2023-07-27T06:20:31+00:00 CRITICAL Uncaught TypeError: call_user_func_array(): Argument #1 ($callback) must be a valid callback, function "techup_footer_site_info" not found or invalid function name in /var/www/html/wp-includes/class-wp-hook.php:308
Stack trace:
#0 /var/www/html/wp-includes/class-wp-hook.php(332): WP_Hook->apply_filters(NULL, Array)
#1 /var/www/html/wp-includes/plugin.php(517): WP_Hook->do_action(Array)
#2 /var/www/html/wp-content/themes/techup/footer.php(32): do_action('techup_footer')
#3 /var/www/html/wp-includes/template.php(783): require_once('/var/www/html/w...')
#4 /var/www/html/wp-includes/template.php(718): load_template('/var/www/html/w...', true, Array)
#5 /var/www/html/wp-includes/general-template.php(92): locate_template(Array, true, true, Array)
#6 /var/www/html/wp-content/themes/techup/full-width.php(42): get_footer()
#7 /var/www/html/wp-includes/template-loader.php(106): include('/var/www/html/w...')
#8 /var/www/html/wp-blog-header.php(19): require_once('/var/www/html/w...')
#9 /var/www/html/index.php(17): require('/var/www/html/w...')
#10 {main}
  thrown in /var/www/html/wp-includes/class-wp-hook.php on line 308

2023-07-27T06:20:59+00:00 CRITICAL Uncaught TypeError: call_user_func_array(): Argument #1 ($callback) must be a valid callback, function "techup_footer_site_info" not found or invalid function name in /var/www/html/wp-includes/class-wp-hook.php:308
Stack trace:
#0 /var/www/html/wp-includes/class-wp-hook.php(332): WP_Hook->apply_filters(NULL, Array)
#1 /var/www/html/wp-includes/plugin.php(517): WP_Hook->do_action(Array)
#2 /var/www/html/wp-content/themes/techup/footer.php(32): do_action('techup_footer')
#3 /var/www/html/wp-includes/template.php(783): require_once('/var/www/html/w...')
#4 /var/www/html/wp-includes/template.php(718): load_template('/var/www/html/w...', true, Array)
#5 /var/www/html/wp-includes/general-template.php(92): locate_template(Array, true, true, Array)
#6 /var/www/html/wp-content/themes/techup/full-width.php(42): get_footer()
#7 /var/www/html/wp-includes/template-loader.php(106): include('/var/www/html/w...')
#8 /var/www/html/wp-blog-header.php(19): require_once('/var/www/html/w...')
#9 /var/www/html/index.php(17): require('/var/www/html/w...')
#10 {main}
  thrown in /var/www/html/wp-includes/class-wp-hook.php on line 308

